[16/01/2016-02:19:02] Installation of vps236945.ovh.net, ssh access with user root
[16/01/2016-02:19:02] [hotsname = vps236945.ovh.net]
[16/01/2016-02:19:02] [username = root]
[16/01/2016-02:19:02] [java = Yes]
[16/01/2016-02:19:02] [target = Ubuntu]
[16/01/2016-02:19:02] [path = /Users/emeric/Dev/VPS-Install]
[16/01/2016-02:19:02] [dirname = VPS-Install]
[16/01/2016-02:19:02] [logfile = init-vps.log]
[16/01/2016-02:19:02] [ssh key = /Users/emeric/.ssh/id_rsa.pub]
[16/01/2016-02:19:02] [ssh cmd = ssh root@vps236945.ovh.net]
[16/01/2016-02:19:02] /Users/emeric/.ssh/id_rsa.pub already copied to vps236945.ovh.net
[16/01/2016-02:19:03] lsb-release installed
[16/01/2016-02:19:04] SYSTEM: Distributor ID: Ubuntu Description: Ubuntu 14.04.3 LTS Release: 14.04 Codename: trusty
[16/01/2016-02:19:05] ntpdate installed
[16/01/2016-02:19:12] Server time set with ntpdate
[16/01/2016-02:19:16] done apt-get update
[16/01/2016-02:19:17] done apt-get upgrade
[16/01/2016-02:19:18] done apt-get dist-upgrade
[16/01/2016-14:36:27] >>>> ERROR: BLA
[16/01/2016-14:43:58] >>>> ERROR: failed to import includes/default.cfg
[16/01/2016-14:53:32] includes/default.cfg imported
[16/01/2016-14:53:44] includes/default.cfg imported
[16/01/2016-14:54:37] includes/default.cfg imported
[16/01/2016-14:54:51] includes/default.cfg imported
[16/01/2016-14:55:05] includes/default.cfg imported
[16/01/2016-14:55:20] includes/default.cfg imported
[16/01/2016-14:58:33] includes/default.cfg imported
[16/01/2016-14:59:55] /Users/emeric/Dev/VPS-Install/includes/default.cfg imported
[16/01/2016-15:00:29] /Users/emeric/Dev/VPS-Install/includes/default.cfg imported
[16/01/2016-15:04:58] /Users/emeric/Dev/VPS-Install/includes/default.cfg imported
[16/01/2016-15:09:22] /Users/emeric/Dev/VPS-Install/includes/default.cfg imported
[16/01/2016-15:09:44] /Users/emeric/Dev/VPS-Install/includes/default.cfg imported
[16/01/2016-15:10:19] /Users/emeric/Dev/VPS-Install/includes/default.cfg imported
[16/01/2016-15:10:43] /Users/emeric/Dev/VPS-Install/includes/default.cfg imported
[16/01/2016-15:10:57] /Users/emeric/Dev/VPS-Install/includes/default.cfg imported
[16/01/2016-15:11:45] /Users/emeric/Dev/VPS-Install/includes/default.cfg imported
[16/01/2016-15:12:39] /Users/emeric/Dev/VPS-Install/includes/default.cfg imported
[16/01/2016-15:15:41] /Users/emeric/Dev/VPS-Install/includes/default.cfg imported
[16/01/2016-15:15:41] Processing /Users/emeric/Dev/VPS-Install/install.d/java-install.sh
[16/01/2016-15:15:41] Processing /Users/emeric/Dev/VPS-Install/install.d/monit-install.sh
[16/01/2016-15:21:08] /Users/emeric/Dev/VPS-Install/includes/default.cfg imported
[16/01/2016-15:21:08] Processing /Users/emeric/Dev/VPS-Install/install.d/java-install.sh
[16/01/2016-15:21:08] Processing /Users/emeric/Dev/VPS-Install/install.d/monit-install.sh
[16/01/2016-15:25:18] /Users/emeric/Dev/VPS-Install/includes/default.cfg imported
[16/01/2016-15:25:18] Processing /Users/emeric/Dev/VPS-Install/install.d/java-install.sh
[16/01/2016-15:25:18] Processing /Users/emeric/Dev/VPS-Install/install.d/monit-install.sh
[16/01/2016-15:30:05] /Users/emeric/Dev/VPS-Install/includes/default.cfg imported
[16/01/2016-15:30:05] Processing /Users/emeric/Dev/VPS-Install/install.d/java-install.sh
[16/01/2016-15:34:25] /Users/emeric/Dev/VPS-Install/includes/default.cfg imported
[16/01/2016-15:34:25] >>>> ERROR: Cannot write install.cfg into . Exiting...
[16/01/2016-15:36:28] /Users/emeric/Dev/VPS-Install/includes/default.cfg imported
[16/01/2016-15:36:28] >>>> ERROR: Cannot write install.cfg into . Exiting...
[16/01/2016-15:51:26] >>>> ERROR: failed to import includes/includes/default.cfg
[16/01/2016-15:53:59] includes/default.cfg imported
[16/01/2016-15:55:05] includes/default.cfg imported
[16/01/2016-15:55:05] >>>> ERROR: Missing arguments, can't do anything. Use init-vps.sh -help for more info.
[17/01/2016-15:01:58] includes/default.cfg imported
[17/01/2016-15:01:58] Processing includes/install.d/*.sh
[17/01/2016-15:02:53] includes/default.cfg imported
[17/01/2016-15:03:16] includes/default.cfg imported
[17/01/2016-15:03:30] includes/default.cfg imported
[17/01/2016-15:05:00] includes/default.cfg imported
[17/01/2016-15:05:00] [hotsname = hname]
[17/01/2016-15:05:00] [username = emeric]
[17/01/2016-15:05:00] [path = ]
[17/01/2016-15:05:00] [dirname = ]
[17/01/2016-15:05:00] [ssh key = ]
[17/01/2016-15:05:00] Processing includes/install.d/*.sh
[17/01/2016-15:05:25] includes/default.cfg imported
[17/01/2016-15:05:25] [hotsname = hname]
[17/01/2016-15:05:25] [username = emeric]
[17/01/2016-15:05:25] [path = ]
[17/01/2016-15:05:25] [dirname = ]
[17/01/2016-15:05:25] [ssh key = ]
[17/01/2016-15:05:25] Processing includes/install.d/*.sh
[17/01/2016-15:33:23] includes/default.cfg imported
[17/01/2016-15:33:23] [hotsname = hname]
[17/01/2016-15:33:23] [username = emeric]
[17/01/2016-15:33:23] [path = ]
[17/01/2016-15:33:23] [dirname = ]
[17/01/2016-15:33:23] [ssh key = ]
[17/01/2016-15:33:23] Processing includes/install.d/*.sh
[17/01/2016-15:34:22] includes/default.cfg imported
[17/01/2016-15:34:22] [hotsname = hname]
[17/01/2016-15:34:22] [username = emeric]
[17/01/2016-15:34:22] [path = ]
[17/01/2016-15:34:22] [dirname = ]
[17/01/2016-15:34:22] [ssh key = ]
[17/01/2016-15:35:11] includes/default.cfg imported
[17/01/2016-15:35:11] [hotsname = hname]
[17/01/2016-15:35:11] [username = emeric]
[17/01/2016-15:35:11] [path = ]
[17/01/2016-15:35:11] [dirname = ]
[17/01/2016-15:35:11] [ssh key = ]
[17/01/2016-15:35:35] includes/default.cfg imported
[17/01/2016-15:35:35] [hotsname = hname]
[17/01/2016-15:35:35] [username = emeric]
[17/01/2016-15:35:35] [path = ]
[17/01/2016-15:35:35] [dirname = ]
[17/01/2016-15:35:35] [ssh key = ]
[17/01/2016-15:35:35] Processing includes/install.d/*.sh
[17/01/2016-15:37:17] includes/default.cfg imported
[17/01/2016-15:37:17] [hotsname = hname]
[17/01/2016-15:37:17] [username = emeric]
[17/01/2016-15:37:17] [path = ]
[17/01/2016-15:37:17] [dirname = ]
[17/01/2016-15:37:17] [ssh key = ]
[17/01/2016-15:37:37] includes/default.cfg imported
[17/01/2016-15:37:37] [hotsname = hname]
[17/01/2016-15:37:37] [username = emeric]
[17/01/2016-15:37:37] [path = ]
[17/01/2016-15:37:37] [dirname = ]
[17/01/2016-15:37:37] [ssh key = ]
[17/01/2016-15:39:33] >>>> ERROR: failed to import /default.cfg
[17/01/2016-15:39:53] >>>> ERROR: failed to import /default.cfg
[17/01/2016-15:40:49] includes/default.cfg imported
[17/01/2016-15:40:49] [hotsname = hname]
[17/01/2016-15:40:49] [username = emeric]
[17/01/2016-15:40:49] [path = ]
[17/01/2016-15:40:49] [dirname = ]
[17/01/2016-15:40:49] [ssh key = ]
[17/01/2016-15:43:13] /Users/emeric/Dev/VPS-Install/includes/default.cfg imported
[17/01/2016-15:43:13] [hotsname = hname]
[17/01/2016-15:43:13] [username = emeric]
[17/01/2016-15:43:13] [path = ]
[17/01/2016-15:43:13] [dirname = VPS-Install]
[17/01/2016-15:43:13] [ssh key = ]
[17/01/2016-15:44:18] /Users/emeric/Dev/VPS-Install/includes/default.cfg imported
[17/01/2016-15:44:18] [hotsname = hname]
[17/01/2016-15:44:18] [username = emeric]
[17/01/2016-15:44:18] [path = ]
[17/01/2016-15:44:18] [dirname = VPS-Install]
[17/01/2016-15:44:18] [ssh key = ]
[17/01/2016-15:44:47] /Users/emeric/Dev/VPS-Install/includes/default.cfg imported
[17/01/2016-15:44:47] [hotsname = hname]
[17/01/2016-15:44:47] [username = emeric]
[17/01/2016-15:44:47] [path = ]
[17/01/2016-15:44:47] [dirname = VPS-Install]
[17/01/2016-15:44:47] [ssh key = ]
[17/01/2016-22:07:53] /Users/emeric/Dev/VPS-Install/includes/default.cfg imported
[17/01/2016-22:07:53] [hotsname = vps236945.ovh.net]
[17/01/2016-22:07:53] [username = root]
[17/01/2016-22:07:53] [path = ]
[17/01/2016-22:07:53] [dirname = VPS-Install]
[17/01/2016-22:07:53] [ssh key = ]
[17/01/2016-22:22:13] /Users/emeric/Dev/VPS-Install/includes/default.cfg imported
[17/01/2016-22:22:13] [hotsname = vps236945.ovh.net]
[17/01/2016-22:22:13] [username = root]
[17/01/2016-22:22:13] [path = ]
[17/01/2016-22:22:13] [dirname = VPS-Install]
[17/01/2016-22:22:13] [ssh key = ]
[17/01/2016-22:22:13] script /Users/emeric/Dev/VPS-Install/install.d/ssh-init.sh is being sourced ...
[17/01/2016-22:22:13] [ssh cmd = ssh root@vps236945.ovh.net]
[17/01/2016-22:22:27] /Users/emeric/Dev/VPS-Install/includes/default.cfg imported
[17/01/2016-22:22:27] >>>> ERROR: Missing arguments, can't do anything. Use init-vps.sh -help for more info.
[17/01/2016-22:22:47] /Users/emeric/Dev/VPS-Install/includes/default.cfg imported
[17/01/2016-22:22:47] [hotsname = vps236945.ovh.net]
[17/01/2016-22:22:47] [username = root]
[17/01/2016-22:22:47] [path = ]
[17/01/2016-22:22:47] [dirname = VPS-Install]
[17/01/2016-22:22:47] [ssh key = ]
[17/01/2016-22:24:02] /Users/emeric/Dev/VPS-Install/includes/default.cfg imported
[17/01/2016-22:24:02] [hotsname = vps236945.ovh.net]
[17/01/2016-22:24:02] [username = root]
[17/01/2016-22:24:02] [path = ]
[17/01/2016-22:24:02] [dirname = VPS-Install]
[17/01/2016-22:24:02] [ssh key = ]
[17/01/2016-22:24:25] /Users/emeric/Dev/VPS-Install/includes/default.cfg imported
[17/01/2016-22:24:25] [hotsname = vps236945.ovh.net]
[17/01/2016-22:24:25] [username = root]
[17/01/2016-22:24:25] [path = ]
[17/01/2016-22:24:25] [dirname = VPS-Install]
[17/01/2016-22:24:25] [ssh key = ]
[17/01/2016-22:25:22] /Users/emeric/Dev/VPS-Install/includes/default.cfg imported
[17/01/2016-22:25:22] [hotsname = vps236945.ovh.net]
[17/01/2016-22:25:22] [username = root]
[17/01/2016-22:25:22] [path = ]
[17/01/2016-22:25:22] [dirname = VPS-Install]
[17/01/2016-22:25:22] [ssh key = ]
[17/01/2016-22:25:24] /Users/emeric/Dev/VPS-Install/includes/default.cfg imported
[17/01/2016-22:25:24] [hotsname = vps236945.ovh.net]
[17/01/2016-22:25:24] [username = root]
[17/01/2016-22:25:24] [path = ]
[17/01/2016-22:25:24] [dirname = VPS-Install]
[17/01/2016-22:25:24] [ssh key = ]
[17/01/2016-22:25:43] /Users/emeric/Dev/VPS-Install/includes/default.cfg imported
[17/01/2016-22:25:43] [hotsname = vps236945.ovh.net]
[17/01/2016-22:25:43] [username = root]
[17/01/2016-22:25:43] [path = ]
[17/01/2016-22:25:43] [dirname = VPS-Install]
[17/01/2016-22:25:43] [ssh key = ]
[17/01/2016-22:25:58] /Users/emeric/Dev/VPS-Install/includes/default.cfg imported
[17/01/2016-22:25:58] [hotsname = vps236945.ovh.net]
[17/01/2016-22:25:58] [username = root]
[17/01/2016-22:25:58] [path = ]
[17/01/2016-22:25:58] [dirname = VPS-Install]
[17/01/2016-22:25:58] [ssh key = ]
[17/01/2016-22:26:28] /Users/emeric/Dev/VPS-Install/includes/default.cfg imported
[17/01/2016-22:26:28] [hotsname = vps236945.ovh.net]
[17/01/2016-22:26:28] [username = root]
[17/01/2016-22:26:28] [path = ]
[17/01/2016-22:26:28] [dirname = VPS-Install]
[17/01/2016-22:26:28] [ssh key = ]
[17/01/2016-22:27:01] /Users/emeric/Dev/VPS-Install/includes/default.cfg imported
[17/01/2016-22:27:01] [hotsname = vps236945.ovh.net]
[17/01/2016-22:27:01] [username = root]
[17/01/2016-22:27:01] [path = ]
[17/01/2016-22:27:01] [dirname = VPS-Install]
[17/01/2016-22:27:01] [ssh key = ]
[17/01/2016-22:28:38] /Users/emeric/Dev/VPS-Install/includes/default.cfg imported
[17/01/2016-22:28:38] [hotsname = vps236945.ovh.net]
[17/01/2016-22:28:38] [username = root]
[17/01/2016-22:28:38] [path = ]
[17/01/2016-22:28:38] [dirname = VPS-Install]
[17/01/2016-22:28:38] [ssh key = ]
[17/01/2016-22:28:51] /Users/emeric/Dev/VPS-Install/includes/default.cfg imported
[17/01/2016-22:28:51] [hotsname = vps236945.ovh.net]
[17/01/2016-22:28:51] [username = root]
[17/01/2016-22:28:51] [path = ]
[17/01/2016-22:28:51] [dirname = VPS-Install]
[17/01/2016-22:28:51] [ssh key = ]
[17/01/2016-22:55:56] >>>> ERROR: failed to import /Users/emeric/Dev/VPS-Install/includes/includes/default.cfg
[17/01/2016-22:57:50] >>>> ERROR: failed to import default.cfg
[17/01/2016-22:59:25] >>>> ERROR: failed to import $dir/includes/default.cfg
[17/01/2016-22:59:39] includes/default.cfg imported
[17/01/2016-22:59:39] [hotsname = vps236945.ovh.net]
[17/01/2016-22:59:39] [username = root]
[17/01/2016-22:59:39] [path = ]
[17/01/2016-22:59:39] [dirname = includes]
[17/01/2016-22:59:39] script install.d/ssh-init.sh is being sourced ...
[17/01/2016-22:59:39] [ssh cmd = ssh root@vps236945.ovh.net]
[17/01/2016-22:59:39] Ssh connexion configured for root@vps236945.ovh.net -> Linux vps236945.ovh.net 3.13.0-74-generic #118-Ubuntu SMP Thu Dec 17 22:52:10 UTC 2015 x86_64 x86_64 x86_64 GNU/Linux
[17/01/2016-22:59:39] [ssh key = /Users/emeric/.ssh/id_rsa.pub]
[17/01/2016-22:59:40] /Users/emeric/.ssh/id_rsa.pub already copied to vps236945.ovh.net
[17/01/2016-22:59:40] /Users/emeric/.ssh/id_rsa.pub key file copied to destination vps236945.ovh.net
[17/01/2016-22:59:40] install.d/ssh-init.sh imported
[17/01/2016-23:03:13] includes/default.cfg imported
[17/01/2016-23:03:13] [hotsname = vps236945.ovh.net]
[17/01/2016-23:03:13] [username = root]
[17/01/2016-23:03:13] [path = ]
[17/01/2016-23:03:13] [dirname = includes]
[17/01/2016-23:03:13] script install.d/ssh-init.sh is being sourced ...
[17/01/2016-23:03:13] [ssh cmd = ssh root@vps236945.ovh.net]
[17/01/2016-23:03:14] Ssh connexion configured for root@vps236945.ovh.net -> Linux vps236945.ovh.net 3.13.0-74-generic #118-Ubuntu SMP Thu Dec 17 22:52:10 UTC 2015 x86_64 x86_64 x86_64 GNU/Linux
[17/01/2016-23:03:14] [ssh key = /Users/emeric/.ssh/id_rsa.pub]
[17/01/2016-23:03:14] /Users/emeric/.ssh/id_rsa.pub already copied to vps236945.ovh.net
[17/01/2016-23:03:14] /Users/emeric/.ssh/id_rsa.pub key file copied to destination vps236945.ovh.net
[17/01/2016-23:03:14] install.d/ssh-init.sh imported
[17/01/2016-23:03:14] Processing /Users/emeric/Dev/VPS-Install/includes/includes/install.d/*.sh
