[17/01/2016-22:17:42] [ssh cmd = ssh root@vps236945.ovh.net]
[17/01/2016-22:18:31] [ssh cmd = ssh root@vps236945.ovh.net]
[17/01/2016-22:18:42] [ssh cmd = ssh root@vps236945.ovh.net]
[17/01/2016-22:20:37] [ssh cmd = ssh root@vps236945.ovh.net]
[17/01/2016-22:20:49] [ssh cmd = ssh root@vps236945.ovh.net]
[17/01/2016-22:30:11] [ssh cmd = ssh root@vps236945.ovh.net]
[17/01/2016-22:31:16] [ssh cmd = ssh root@vps236945.ovh.net]
[17/01/2016-22:34:14] [ssh cmd = ssh root@vps236945.ovh.net]
[17/01/2016-22:34:15] Ssh connexion configured for root@vps236945.ovh.net -> Linux vps236945.ovh.net 3.13.0-74-generic #118-Ubuntu SMP Thu Dec 17 22:52:10 UTC 2015 x86_64 x86_64 x86_64 GNU/Linux
[17/01/2016-22:34:15] [ssh key = ]
[17/01/2016-22:34:57] [ssh cmd = ssh root@vps236945.ovh.net]
[17/01/2016-22:34:58] Ssh connexion configured for root@vps236945.ovh.net -> Linux vps236945.ovh.net 3.13.0-74-generic #118-Ubuntu SMP Thu Dec 17 22:52:10 UTC 2015 x86_64 x86_64 x86_64 GNU/Linux
[17/01/2016-22:34:58] [ssh key = ]
[17/01/2016-22:35:19] [ssh cmd = ssh root@vps236945.ovh.net]
[17/01/2016-22:35:20] Ssh connexion configured for root@vps236945.ovh.net -> Linux vps236945.ovh.net 3.13.0-74-generic #118-Ubuntu SMP Thu Dec 17 22:52:10 UTC 2015 x86_64 x86_64 x86_64 GNU/Linux
[17/01/2016-22:35:20] [ssh key = ]
[17/01/2016-22:36:27] [ssh cmd = ssh root@vps236945.ovh.net]
[17/01/2016-22:36:28] Ssh connexion configured for root@vps236945.ovh.net -> Linux vps236945.ovh.net 3.13.0-74-generic #118-Ubuntu SMP Thu Dec 17 22:52:10 UTC 2015 x86_64 x86_64 x86_64 GNU/Linux
[17/01/2016-22:36:28] [ssh key = ]
[17/01/2016-22:37:00] [ssh cmd = ssh root@vps236945.ovh.net]
[17/01/2016-22:37:01] Ssh connexion configured for root@vps236945.ovh.net -> Linux vps236945.ovh.net 3.13.0-74-generic #118-Ubuntu SMP Thu Dec 17 22:52:10 UTC 2015 x86_64 x86_64 x86_64 GNU/Linux
[17/01/2016-22:37:01] [ssh key = ]
[17/01/2016-22:37:25] [ssh cmd = ssh root@vps236945.ovh.net]
[17/01/2016-22:37:25] Ssh connexion configured for root@vps236945.ovh.net -> Linux vps236945.ovh.net 3.13.0-74-generic #118-Ubuntu SMP Thu Dec 17 22:52:10 UTC 2015 x86_64 x86_64 x86_64 GNU/Linux
[17/01/2016-22:37:25] [ssh key = ]
[17/01/2016-22:37:25] >>>> ERROR: Missing local ssh key, [] not found > generate one with ssh-keygen.
[17/01/2016-22:38:09] [ssh cmd = ssh root@vps236945.ovh.net]
[17/01/2016-22:38:10] Ssh connexion configured for root@vps236945.ovh.net -> Linux vps236945.ovh.net 3.13.0-74-generic #118-Ubuntu SMP Thu Dec 17 22:52:10 UTC 2015 x86_64 x86_64 x86_64 GNU/Linux
[17/01/2016-22:38:10] [ssh key = $(ls "$config_sshkeyfile")]
[17/01/2016-22:38:10] >>>> ERROR: Missing local ssh key, [$(ls "$config_sshkeyfile")] not found > generate one with ssh-keygen.
[17/01/2016-22:38:21] [ssh cmd = ssh root@vps236945.ovh.net]
[17/01/2016-22:38:22] Ssh connexion configured for root@vps236945.ovh.net -> Linux vps236945.ovh.net 3.13.0-74-generic #118-Ubuntu SMP Thu Dec 17 22:52:10 UTC 2015 x86_64 x86_64 x86_64 GNU/Linux
[17/01/2016-22:38:39] [ssh cmd = ssh root@vps236945.ovh.net]
[17/01/2016-22:38:40] Ssh connexion configured for root@vps236945.ovh.net -> Linux vps236945.ovh.net 3.13.0-74-generic #118-Ubuntu SMP Thu Dec 17 22:52:10 UTC 2015 x86_64 x86_64 x86_64 GNU/Linux
[17/01/2016-22:41:58] [ssh cmd = ssh root@vps236945.ovh.net]
[17/01/2016-22:42:00] Ssh connexion configured for root@vps236945.ovh.net -> Linux vps236945.ovh.net 3.13.0-74-generic #118-Ubuntu SMP Thu Dec 17 22:52:10 UTC 2015 x86_64 x86_64 x86_64 GNU/Linux
[17/01/2016-22:43:10] [ssh cmd = ssh root@vps236945.ovh.net]
[17/01/2016-22:43:10] Ssh connexion configured for root@vps236945.ovh.net -> Linux vps236945.ovh.net 3.13.0-74-generic #118-Ubuntu SMP Thu Dec 17 22:52:10 UTC 2015 x86_64 x86_64 x86_64 GNU/Linux
[17/01/2016-22:44:14] [ssh cmd = ssh root@vps236945.ovh.net]
[17/01/2016-22:44:15] Ssh connexion configured for root@vps236945.ovh.net -> Linux vps236945.ovh.net 3.13.0-74-generic #118-Ubuntu SMP Thu Dec 17 22:52:10 UTC 2015 x86_64 x86_64 x86_64 GNU/Linux
[17/01/2016-22:44:36] [ssh cmd = ssh root@vps236945.ovh.net]
[17/01/2016-22:44:37] Ssh connexion configured for root@vps236945.ovh.net -> Linux vps236945.ovh.net 3.13.0-74-generic #118-Ubuntu SMP Thu Dec 17 22:52:10 UTC 2015 x86_64 x86_64 x86_64 GNU/Linux
[17/01/2016-22:44:37] [ssh key = ~/.ssh/id_rsa.pub]
[17/01/2016-22:44:37] >>>> ERROR: Missing local ssh key, [~/.ssh/id_rsa.pub] not found > generate one with ssh-keygen.
[17/01/2016-22:50:18] [ssh cmd = ssh root@vps236945.ovh.net]
[17/01/2016-22:50:19] Ssh connexion configured for root@vps236945.ovh.net -> Linux vps236945.ovh.net 3.13.0-74-generic #118-Ubuntu SMP Thu Dec 17 22:52:10 UTC 2015 x86_64 x86_64 x86_64 GNU/Linux
[17/01/2016-22:50:45] [ssh cmd = ssh root@vps236945.ovh.net]
[17/01/2016-22:50:46] Ssh connexion configured for root@vps236945.ovh.net -> Linux vps236945.ovh.net 3.13.0-74-generic #118-Ubuntu SMP Thu Dec 17 22:52:10 UTC 2015 x86_64 x86_64 x86_64 GNU/Linux
[17/01/2016-22:50:46] [ssh key = /Users/emeric/Dev/VPS-Install/install.d/~/.ssh/id_rsa.pub]
[17/01/2016-22:50:46] >>>> ERROR: Missing local ssh key, [/Users/emeric/Dev/VPS-Install/install.d/~/.ssh/id_rsa.pub] not found > generate one with ssh-keygen.
[17/01/2016-22:51:11] [ssh cmd = ssh root@vps236945.ovh.net]
[17/01/2016-22:51:12] Ssh connexion configured for root@vps236945.ovh.net -> Linux vps236945.ovh.net 3.13.0-74-generic #118-Ubuntu SMP Thu Dec 17 22:52:10 UTC 2015 x86_64 x86_64 x86_64 GNU/Linux
[17/01/2016-22:51:12] [ssh key = /Users/emeric/Dev/VPS-Install/install.d/~/.ssh/id_rsa.pub]
[17/01/2016-22:51:12] >>>> ERROR: Missing local ssh key, [/Users/emeric/Dev/VPS-Install/install.d/~/.ssh/id_rsa.pub] not found > generate one with ssh-keygen.
[17/01/2016-22:54:41] [ssh cmd = ssh root@vps236945.ovh.net]
[17/01/2016-22:54:42] Ssh connexion configured for root@vps236945.ovh.net -> Linux vps236945.ovh.net 3.13.0-74-generic #118-Ubuntu SMP Thu Dec 17 22:52:10 UTC 2015 x86_64 x86_64 x86_64 GNU/Linux
[17/01/2016-22:54:42] [ssh key = /Users/emeric/.ssh/id_rsa.pub]
[17/01/2016-22:54:42] /Users/emeric/.ssh/id_rsa.pub already copied to vps236945.ovh.net
[17/01/2016-22:54:42] /Users/emeric/.ssh/id_rsa.pub key file copied to destination vps236945.ovh.net
