[02/02/2016-14:43:34] script var.cfg is being sourced ...
[02/02/2016-14:43:34] Lauching script ssh-init
[02/02/2016-14:43:34] [ssh key = /Users/emeric/.ssh/id_rsa.pub]
[02/02/2016-14:43:34] remote exec & exit: [ssh root@vps242449.ovh.net uname -a 2>&1]
[02/02/2016-14:43:47] SSH connexion configured for root@vps242449.ovh.net -> Linux vps242449.ovh.net 3.13.0-55-generic #94-Ubuntu SMP Thu Jun 18 00:27:10 UTC 2015 x86_64 x86_64 x86_64 GNU/Linux
[02/02/2016-14:44:47] script var.cfg is being sourced ...
[02/02/2016-14:44:47] Lauching script ssh-connect
[02/02/2016-14:44:47] Starting a ssh connexion to vps242449.ovh.net with user root...
[02/02/2016-14:45:21] script var.cfg is being sourced ...
[02/02/2016-14:45:21] Lauching script ssh-init
[02/02/2016-14:45:21] [ssh key = /Users/emeric/.ssh/id_rsa.pub]
[02/02/2016-14:45:21] remote exec: [ssh root@vps242449.ovh.net mkdir ~/.ssh 2> /dev/null; cat >> ~/.ssh/authorized_keys 2>&1]
[02/02/2016-14:45:29] /Users/emeric/.ssh/id_rsa.pub copied to vps242449.ovh.net ->
[02/02/2016-14:45:29] remote exec & exit: [ssh root@vps242449.ovh.net uname -a 2>&1]
[02/02/2016-14:45:30] SSH connexion configured for root@vps242449.ovh.net -> Linux vps242449.ovh.net 3.13.0-55-generic #94-Ubuntu SMP Thu Jun 18 00:27:10 UTC 2015 x86_64 x86_64 x86_64 GNU/Linux
[02/02/2016-14:45:36] script var.cfg is being sourced ...
[02/02/2016-14:45:36] Lauching script ssh-connect
[02/02/2016-14:45:36] Starting a ssh connexion to vps242449.ovh.net with user root...
[02/02/2016-14:48:23] script var.cfg is being sourced ...
[02/02/2016-14:48:23] Lauching script ssh-connect
[02/02/2016-14:48:23] Starting a ssh connexion to vps242449.ovh.net with user root...
[02/02/2016-14:57:46] script var.cfg is being sourced ...
[02/02/2016-14:57:46] Lauching script flarum-install
[02/02/2016-14:58:12] script var.cfg is being sourced ...
[02/02/2016-14:58:12] Lauching script flarum-install
[02/02/2016-14:58:13] remote exec: [ssh root@vps242449.ovh.net curl -sS https://getcomposer.org/installer | php 2>&1]
[02/02/2016-14:58:14] composer installed -> All settings correct for using Composer Downloading... Composer successfully installed to: /root/composer.phar Use it: php composer.phar
[02/02/2016-14:58:15] remote exec: [ssh root@vps242449.ovh.net ../composer.phar create-project flarum/flarum . --stability=beta 2>&1]
[02/02/2016-14:58:31] script var.cfg is being sourced ...
[02/02/2016-14:58:31] Lauching script ssh-connect
[02/02/2016-14:58:31] Starting a ssh connexion to vps242449.ovh.net with user root...
[02/02/2016-14:59:40] script var.cfg is being sourced ...
[02/02/2016-14:59:40] Lauching script flarum-install
[02/02/2016-14:59:41] remote exec: [ssh root@vps242449.ovh.net curl -sS https://getcomposer.org/installer | php 2>&1]
[02/02/2016-14:59:42] composer installed -> All settings correct for using Composer Downloading... Composer successfully installed to: /root/composer.phar Use it: php composer.phar
[02/02/2016-15:00:30] script var.cfg is being sourced ...
[02/02/2016-15:00:30] Lauching script flarum-install
[02/02/2016-15:00:31] remote exec: [ssh root@vps242449.ovh.net curl -sS https://getcomposer.org/installer | php 2>&1]
[02/02/2016-15:00:32] composer installed -> All settings correct for using Composer Downloading... Composer successfully installed to: /root/composer.phar Use it: php composer.phar
[02/02/2016-15:00:33] remote exec: [ssh root@vps242449.ovh.net ../composer.phar create-project flarum/flarum . --stability=beta 2>&1]
[02/02/2016-15:02:24] script var.cfg is being sourced ...
[02/02/2016-15:02:24] Lauching script flarum-install
[02/02/2016-15:02:25] remote exec: [ssh root@vps242449.ovh.net curl -sS https://getcomposer.org/installer | php 2>&1]
[02/02/2016-15:02:26] composer installed -> All settings correct for using Composer Downloading... Composer successfully installed to: /root/composer.phar Use it: php composer.phar
[02/02/2016-15:02:26] remote exec: [ssh root@vps242449.ovh.net mkdir flarum 2> /dev/null ; cd flarum ; ../composer.phar create-project flarum/flarum . --stability=beta 2>&1]
[02/02/2016-15:04:45] script var.cfg is being sourced ...
[02/02/2016-15:04:45] Lauching script ssh-connect
[02/02/2016-15:04:45] Starting a ssh connexion to vps242449.ovh.net with user root...
[02/02/2016-15:08:16] WARNING: php5.5+-install was not installed, config_default_install is set to no
[02/02/2016-15:08:32] script var.cfg is being sourced ...
[02/02/2016-15:08:32] Lauching script php5.5+-install
[02/02/2016-15:08:33] Java not detected
[02/02/2016-15:08:33] remote exec: [ssh root@vps242449.ovh.net apt-get install -y dialog 2>&1]
[02/02/2016-15:08:34] dialog installed -> Reading package lists... Building dependency tree... Reading state information... dialog is already the newest version. 0 upgraded, 0 newly installed, 0 to remove and 6 not upgraded.
[02/02/2016-15:08:34] remote exec: [ssh root@vps242449.ovh.net apt-get install -y software-properties-common 2>&1]
[02/02/2016-15:08:36] software-properties-common installed -> Reading package lists... Building dependency tree... Reading state information... software-properties-common is already the newest version. 0 upgraded, 0 newly installed, 0 to remove and 6 not upgraded.
[02/02/2016-15:08:38] remote exec: [ssh root@vps242449.ovh.net add-apt-repository -y ppa:webupd8team/java && apt-get update 2>&1]
[02/02/2016-15:10:24] WARNING: php5.5+-install was not installed, config_default_install is set to no
[02/02/2016-15:10:34] script var.cfg is being sourced ...
[02/02/2016-15:10:34] Lauching script php5.5+-install
[02/02/2016-15:10:36] PHP version <PHP 5.5.9-1ubuntu4.14 (cli) (built: Oct 28 2015 01:34:46) > detected
[02/02/2016-15:10:36] Java version PHP 5.5.9-1ubuntu4.14 (cli) (built: Oct 28 2015 01:34:46) already installed
[02/02/2016-15:11:05] script var.cfg is being sourced ...
[02/02/2016-15:11:05] Lauching script ssh-connect
[02/02/2016-15:11:05] Starting a ssh connexion to vps242449.ovh.net with user root...
[02/02/2016-15:13:10] script var.cfg is being sourced ...
[02/02/2016-15:13:10] Lauching script php5.5+-install
[02/02/2016-15:13:11] PHP version <5.5.9> detected
[02/02/2016-15:13:11] PHP version 5.5.9 already installed
[02/02/2016-15:22:09] WARNING: nginx-install was not installed, config_default_install is set to no
[02/02/2016-15:22:27] script var.cfg is being sourced ...
[02/02/2016-15:22:27] Lauching script nginx-install
[02/02/2016-15:22:27] remote exec: [ssh root@vps242449.ovh.net apt-get install -y nginx 2>&1]
[02/02/2016-15:22:28] nginx installed -> Reading package lists... Building dependency tree... Reading state information... nginx is already the newest version. 0 upgraded, 0 newly installed, 0 to remove and 6 not upgraded.
[02/02/2016-15:24:33] script var.cfg is being sourced ...
[02/02/2016-15:24:33] Lauching script ssh-connect
[02/02/2016-15:24:33] Starting a ssh connexion to vps242449.ovh.net with user root...
[02/02/2016-15:28:29] WARNING: flarum-install was not installed, config_default_install is set to no
[02/02/2016-15:28:44] script var.cfg is being sourced ...
[02/02/2016-15:28:44] Lauching script flarum-install
[02/02/2016-15:28:46] remote exec: [ssh root@vps242449.ovh.net cd /var/www/non-secure/ ; curl -sS https://getcomposer.org/installer | php 2>&1]
[02/02/2016-15:28:47] composer installed -> All settings correct for using Composer Downloading... Composer successfully installed to: /var/www/non-secure/composer.phar Use it: php composer.phar
[02/02/2016-15:28:47] remote exec: [ssh root@vps242449.ovh.net cd /var/www/non-secure/flarum ; ../composer.phar create-project flarum/flarum . --stability=beta 2>&1]
[02/02/2016-15:29:04] script var.cfg is being sourced ...
[02/02/2016-15:29:04] Lauching script ssh-connect
[02/02/2016-15:29:04] Starting a ssh connexion to vps242449.ovh.net with user root...
[02/02/2016-15:31:42] script var.cfg is being sourced ...
[02/02/2016-15:31:42] Lauching script flarum-install
[02/02/2016-15:31:44] remote exec: [ssh root@vps242449.ovh.net cd /var/www/non-secure/ ; curl -sS https://getcomposer.org/installer | php 2>&1]
[02/02/2016-15:31:45] composer installed -> All settings correct for using Composer Downloading... Composer successfully installed to: /var/www/non-secure/composer.phar Use it: php composer.phar
[02/02/2016-15:31:45] remote exec: [ssh root@vps242449.ovh.net cd /var/www/non-secure/flarum ; ../composer.phar create-project flarum/flarum . --stability=beta 2>&1]
[02/02/2016-15:32:28] script var.cfg is being sourced ...
[02/02/2016-15:32:28] Lauching script ssh-connect
[02/02/2016-15:32:28] Starting a ssh connexion to vps242449.ovh.net with user root...
[02/02/2016-15:33:26] script var.cfg is being sourced ...
[02/02/2016-15:33:26] Lauching script flarum-install
[02/02/2016-15:33:39] script var.cfg is being sourced ...
[02/02/2016-15:33:39] Lauching script flarum-install
[02/02/2016-15:33:53] script var.cfg is being sourced ...
[02/02/2016-15:33:53] Lauching script flarum-install
[02/02/2016-15:33:54] remote exec: [ssh root@vps242449.ovh.net cd /var/www/non-secure/ ; curl -sS https://getcomposer.org/installer | php 2>&1]
[02/02/2016-15:33:56] composer installed -> All settings correct for using Composer Downloading... Composer successfully installed to: /var/www/non-secure/composer.phar Use it: php composer.phar
[02/02/2016-15:33:56] remote exec: [ssh root@vps242449.ovh.net cd /var/www/non-secure/flarum ; ../composer.phar create-project flarum/flarum . --stability=beta 2>&1]
[02/02/2016-15:35:50] script var.cfg is being sourced ...
[02/02/2016-15:35:50] Lauching script ssh-connect
[02/02/2016-15:35:50] Starting a ssh connexion to vps242449.ovh.net with user root...
[02/02/2016-15:44:47] WARNING: flarum-install was not installed, config_default_install is set to no
[02/02/2016-15:45:03] script var.cfg is being sourced ...
[02/02/2016-15:45:03] Lauching script flarum-install
[02/02/2016-15:45:07] remote exec: [ssh root@vps242449.ovh.net cd /var/www/non-secure/ ; curl -sS https://getcomposer.org/installer | php 2>&1]
[02/02/2016-15:45:08] composer installed -> All settings correct for using Composer Downloading... Composer successfully installed to: /var/www/non-secure/composer.phar Use it: php composer.phar
[02/02/2016-15:45:08] remote exec: [ssh root@vps242449.ovh.net cd /var/www/non-secure/flarum ; ../composer.phar config --global github-oauth.github.com 96d709a7f82aa66d174bab6899621ba33c6d6f41 2>&1]
[02/02/2016-15:45:09] GitHub Token installed ->
[02/02/2016-15:45:09] remote exec: [ssh root@vps242449.ovh.net cd /var/www/non-secure/flarum ; ../composer.phar create-project flarum/flarum . --stability=beta 2>&1]
[02/02/2016-15:45:21] flarum installed -> Installing flarum/flarum (v0.1.0-beta.4) - Installing flarum/flarum (v0.1.0-beta.4) Loading from cache Created project in . Loading composer repositories with package information Installing dependencies (including require-dev) - Installing flarum/composer-installer (v0.3.0) Loading from cache - Installing tijsverkoyen/akismet (1.1.0) Loading from cache - Installing zendframework/zend-escaper (2.5.1) Loading from cache - Installing psr/http-message (1.0) Loading from cache - Installing zendframework/zend-stratigility (1.1.2) Loading from cache - Installing zendframework/zend-diactoros (1.3.3) Loading from cache - Installing tobscure/json-api (v0.2.1) Loading from cache - Installing symfony/yaml (v2.8.2) Loading from cache - Installing symfony/polyfill-mbstring (v1.1.0) Loading from cache - Installing symfony/translation (v2.7.9) Loading from cache - Installing symfony/console (v2.8.2) Loading from cache - Installing s9e/text-formatter (0.4.8) Loading from cache - Installing oyejorge/less.php (v1.7.0.10) Loading from cache - Installing nikic/fast-route (v0.6.0) Loading from cache - Installing psr/log (1.0.0) Loading from cache - Installing monolog/monolog (1.17.2) Loading from cache - Installing matthiasmullie/path-converter (1.0.7) Loading from cache - Installing matthiasmullie/minify (1.3.32) Loading from cache - Installing league/flysystem (1.0.16) Loading from cache - Installing guzzlehttp/psr7 (1.2.2) Loading from cache - Installing intervention/image (2.3.5) Loading from cache - Installing danielstjules/stringy (1.10.0) Loading from cache - Installing doctrine/inflector (v1.1.0) Loading from cache - Installing illuminate/contracts (v5.1.28) Loading from cache - Installing illuminate/support (v5.1.28) Loading from cache - Installing symfony/finder (v2.7.9) Loading from cache - Installing illuminate/filesystem (v5.1.28) Loading from cache - Installing illuminate/container (v5.1.28) Loading from cache - Installing illuminate/events (v5.1.28) Loading from cache - Installing illuminate/view (v5.1.28) Loading from cache - Installing symfony/http-foundation (v2.7.9) Loading from cache - Installing illuminate/validation (v5.1.28) Loading from cache - Installing swiftmailer/swiftmailer (v5.4.1) Loading from cache - Installing illuminate/mail (v5.1.28) Loading from cache - Installing illuminate/hashing (v5.1.28) Loading from cache - Installing nesbot/carbon (1.21.0) Loading from cache - Installing illuminate/database (v5.1.28) Loading from cache - Installing illuminate/config (v5.1.28) Loading from cache - Installing illuminate/cache (v5.1.28) Loading from cache - Installing illuminate/pipeline (v5.1.28) Loading from cache - Installing illuminate/bus (v5.1.28) Loading from cache - Installing filp/whoops (1.1.10) Loading from cache - Installing franzl/whoops-middleware (0.2.0) Loading from cache - Installing doctrine/lexer (v1.0.1) Loading from cache - Installing doctrine/annotations (v1.2.7) Loading from cache - Installing doctrine/collections (v1.3.0) Loading from cache - Installing doctrine/cache (v1.6.0) Loading from cache - Installing doctrine/common (v2.6.1) Loading from cache - Installing doctrine/dbal (v2.5.4) Loading from cache - Installing dflydev/fig-cookies (v1.0.1) Loading from cache - Installing flarum/core (v0.1.0-beta.4) Loading from cache - Installing flarum/flags (v0.1.0-beta.4) Loading from cache - Installing flarum/approval (v0.1.0-beta.3) Loading from cache - Installing flarum/akismet (v0.1.0-beta.3) Loading from cache - Installing guzzlehttp/promises (1.0.3) Loading from cache - Installing guzzlehttp/guzzle (6.1.1) Loading from cache - Installing ircmaxell/security-lib (1.0.0) Loading from cache - Installing ircmaxell/random-lib (v1.1.0) Loading from cache - Installing league/oauth2-client (1.2.0) Loading from cache - Installing league/oauth2-facebook (1.1.0) Loading from cache - Installing flarum/auth-facebook (v0.1.0-beta.3) Loading from cache - Installing league/oauth2-github (0.2.0) Loading from cache - Installing flarum/auth-github (v0.1.0-beta.3) Loading from cache - Installing symfony/event-dispatcher (v2.8.2) Loading from cache - Installing guzzle/guzzle (v3.9.3) Loading from cache - Installing league/oauth1-client (1.6.1) Loading from cache - Installing flarum/auth-twitter (v0.1.0-beta.3) Loading from cache - Installing flarum/bbcode (v0.1.0-beta.3) Loading from cache - Installing flarum/emoji (v0.1.0-beta.3) Loading from cache - Installing flarum/likes (v0.1.0-beta.3) Loading from cache - Installing flarum/lock (v0.1.0-beta.3) Loading from cache - Installing flarum/markdown (v0.1.0-beta.3) Loading from cache - Installing flarum/mentions (v0.1.0-beta.3) Loading from cache - Installing pusher/pusher-php-server (v2.2.1) Loading from cache - Installing flarum/pusher (v0.1.0-beta.3) Loading from cache - Installing flarum/sticky (v0.1.0-beta.3) Loading from cache - Installing flarum/suspend (v0.1.0-beta.3) Loading from cache - Installing symfony/process (v3.0.1) Loading from cache - Installing symfony/filesystem (v3.0.1) Loading from cache - Installing franzl/studio (dev-master c9aba9e) Loading from cache - Installing flarum/english (v0.1.0-beta.4) Loading from cache - Installing flarum/subscriptions (v0.1.0-beta.4) Loading from cache - Installing flarum/tags (v0.1.0-beta.4) Loading from cache symfony/translation suggests installing symfony/config () s9e/text-formatter suggests installing ext-intl (Allows international URLs to be accepted by the URL filter) s9e/text-formatter suggests installing ext-xsl (Enables the XSLT renderer) monolog/monolog suggests installing graylog2/gelf-php (Allow sending log messages to a GrayLog2 server) monolog/monolog suggests installing raven/raven (Allow sending log messages to a Sentry server) monolog/monolog suggests installing doctrine/couchdb (Allow sending log messages to a CouchDB server) monolog/monolog suggests installing ruflin/elastica (Allow sending log messages to an Elastic Search server) monolog/monolog suggests installing videlalvaro/php-amqplib (Allow sending log messages to an AMQP server using php-amqplib) monolog/monolog suggests installing ext-amqp (Allow sending log messages to an AMQP server (1.0+ required)) monolog/monolog suggests installing ext-mongo (Allow sending log messages to a MongoDB server) monolog/monolog suggests installing aws/aws-sdk-php (Allow sending log messages to AWS services like DynamoDB) monolog/monolog suggests installing rollbar/rollbar (Allow sending log messages to Rollbar) monolog/monolog suggests installing php-console/php-console (Allow sending log messages to Google Chrome) league/flysystem suggests installing league/flysystem-eventable-filesystem (Allows you to use EventableFilesystem) league/flysystem suggests installing league/flysystem-rackspace (Allows you to use Rackspace Cloud Files) league/flysystem suggests installing league/flysystem-copy (Allows you to use Copy.com storage) league/flysystem suggests installing league/flysystem-azure (Allows you to use Windows Azure Blob storage) league/flysystem suggests installing league/flysystem-webdav (Allows you to use WebDAV storage) league/flysystem suggests installing league/flysystem-aws-s3-v2 (Allows you to use S3 storage with AWS SDK v2) league/flysystem suggests installing league/flysystem-aws-s3-v3 (Allows you to use S3 storage with AWS SDK v3) league/flysystem suggests installing league/flysystem-dropbox (Allows you to use Dropbox storage) league/flysystem suggests installing league/flysystem-cached-adapter (Flysystem adapter decorator for metadata caching) league/flysystem suggests installing league/flysystem-sftp (Allows you to use SFTP server storage via phpseclib) league/flysystem suggests installing league/flysystem-ziparchive (Allows you to use ZipArchive adapter) intervention/image suggests installing ext-gd (to use GD library based image processing.) intervention/image suggests installing ext-imagick (to use Imagick based image processing.) intervention/image suggests installing intervention/imagecache (Caching extension for the Intervention Image library) illuminate/support suggests installing jeremeamia/superclosure (Required to be able to serialize closures (~2.0).) illuminate/support suggests installing paragonie/random_compat (Provides a compatible interface like PHP7's random_bytes() in PHP 5 projects (~1.1).) illuminate/support suggests installing symfony/var-dumper (Improves the dd function (2.7.*).) illuminate/filesystem suggests installing league/flysystem-aws-s3-v3 (Required to use the Flysystem S3 driver (~1.0).) illuminate/filesystem suggests installing league/flysystem-rackspace (Required to use the Flysystem Rackspace driver (~1.0).) illuminate/mail suggests installing aws/aws-sdk-php (Required to use the SES mail driver (~3.0).) illuminate/database suggests installing fzaninotto/faker (Required to use the eloquent factory builder (~1.4).) illuminate/database suggests installing illuminate/console (Required to use the database commands (5.1.*).) illuminate/database suggests installing illuminate/pagination (Required to paginate the result set (5.1.*).) illuminate/cache suggests installing illuminate/redis (Required to use the redis cache driver (5.1.*).) symfony/event-dispatcher suggests installing symfony/dependency-injection () symfony/event-dispatcher suggests installing symfony/http-kernel () Writing lock file Generating autoload files
[02/02/2016-15:45:21] will copy [./800-flarum-install/nginx.conf] to [root@vps242449.ovh.net:/etc/nginx/sites-available/forum-flarum.lespetitsentrepreneurs.com]…
[02/02/2016-15:45:22] ./800-flarum-install/nginx.conf copied to /etc/nginx/sites-available/forum-flarum.lespetitsentrepreneurs.com ->
[02/02/2016-15:45:36] script var.cfg is being sourced ...
[02/02/2016-15:45:36] Lauching script ssh-connect
[02/02/2016-15:45:36] Starting a ssh connexion to vps242449.ovh.net with user root...
[02/02/2016-16:07:18] script var.cfg is being sourced ...
[02/02/2016-16:07:18] Lauching script flarum-install
[02/02/2016-16:07:20] remote exec: [ssh root@vps242449.ovh.net cd /var/www/non-secure/ ; curl -sS https://getcomposer.org/installer | php 2>&1]
[02/02/2016-16:07:21] composer installed -> All settings correct for using Composer Downloading... Composer successfully installed to: /var/www/non-secure/composer.phar Use it: php composer.phar
[02/02/2016-16:07:21] remote exec: [ssh root@vps242449.ovh.net cd /var/www/non-secure/flarum ; ../composer.phar config --global github-oauth.github.com 96d709a7f82aa66d174bab6899621ba33c6d6f41 2>&1]
[02/02/2016-16:07:22] GitHub Token installed ->
[02/02/2016-16:07:22] remote exec: [ssh root@vps242449.ovh.net cd /var/www/non-secure/flarum ; ../composer.phar create-project flarum/flarum . --stability=beta 2>&1]
[02/02/2016-16:07:31] script var.cfg is being sourced ...
[02/02/2016-16:07:31] Lauching script ssh-connect
[02/02/2016-16:07:31] Starting a ssh connexion to vps242449.ovh.net with user root...
[02/02/2016-16:07:49] script var.cfg is being sourced ...
[02/02/2016-16:07:49] Lauching script ssh-connect
[02/02/2016-16:07:49] Starting a ssh connexion to vps242449.ovh.net with user root...
[02/02/2016-16:08:01] script var.cfg is being sourced ...
[02/02/2016-16:08:01] Lauching script flarum-install
[02/02/2016-16:08:05] remote exec: [ssh root@vps242449.ovh.net cd /var/www/non-secure/ ; curl -sS https://getcomposer.org/installer | php 2>&1]
[02/02/2016-16:08:07] composer installed -> All settings correct for using Composer Downloading... Composer successfully installed to: /var/www/non-secure/composer.phar Use it: php composer.phar
[02/02/2016-16:08:07] remote exec: [ssh root@vps242449.ovh.net cd /var/www/non-secure/flarum ; ../composer.phar config --global github-oauth.github.com 96d709a7f82aa66d174bab6899621ba33c6d6f41 2>&1]
[02/02/2016-16:08:07] GitHub Token installed ->
[02/02/2016-16:08:07] remote exec: [ssh root@vps242449.ovh.net cd /var/www/non-secure/flarum ; ../composer.phar create-project flarum/flarum . --stability=beta 2>&1]
[02/02/2016-16:08:23] flarum installed -> Installing flarum/flarum (v0.1.0-beta.4) - Installing flarum/flarum (v0.1.0-beta.4) Loading from cache Created project in . Loading composer repositories with package information Installing dependencies (including require-dev) - Installing flarum/composer-installer (v0.3.0) Loading from cache - Installing tijsverkoyen/akismet (1.1.0) Loading from cache - Installing zendframework/zend-escaper (2.5.1) Loading from cache - Installing psr/http-message (1.0) Loading from cache - Installing zendframework/zend-stratigility (1.1.2) Loading from cache - Installing zendframework/zend-diactoros (1.3.3) Loading from cache - Installing tobscure/json-api (v0.2.1) Loading from cache - Installing symfony/yaml (v2.8.2) Loading from cache - Installing symfony/polyfill-mbstring (v1.1.0) Loading from cache - Installing symfony/translation (v2.7.9) Loading from cache - Installing symfony/console (v2.8.2) Loading from cache - Installing s9e/text-formatter (0.4.8) Loading from cache - Installing oyejorge/less.php (v1.7.0.10) Loading from cache - Installing nikic/fast-route (v0.6.0) Loading from cache - Installing psr/log (1.0.0) Loading from cache - Installing monolog/monolog (1.17.2) Loading from cache - Installing matthiasmullie/path-converter (1.0.7) Loading from cache - Installing matthiasmullie/minify (1.3.32) Loading from cache - Installing league/flysystem (1.0.16) Loading from cache - Installing guzzlehttp/psr7 (1.2.2) Loading from cache - Installing intervention/image (2.3.5) Loading from cache - Installing danielstjules/stringy (1.10.0) Loading from cache - Installing doctrine/inflector (v1.1.0) Loading from cache - Installing illuminate/contracts (v5.1.28) Loading from cache - Installing illuminate/support (v5.1.28) Loading from cache - Installing symfony/finder (v2.7.9) Loading from cache - Installing illuminate/filesystem (v5.1.28) Loading from cache - Installing illuminate/container (v5.1.28) Loading from cache - Installing illuminate/events (v5.1.28) Loading from cache - Installing illuminate/view (v5.1.28) Loading from cache - Installing symfony/http-foundation (v2.7.9) Loading from cache - Installing illuminate/validation (v5.1.28) Loading from cache - Installing swiftmailer/swiftmailer (v5.4.1) Loading from cache - Installing illuminate/mail (v5.1.28) Loading from cache - Installing illuminate/hashing (v5.1.28) Loading from cache - Installing nesbot/carbon (1.21.0) Loading from cache - Installing illuminate/database (v5.1.28) Loading from cache - Installing illuminate/config (v5.1.28) Loading from cache - Installing illuminate/cache (v5.1.28) Loading from cache - Installing illuminate/pipeline (v5.1.28) Loading from cache - Installing illuminate/bus (v5.1.28) Loading from cache - Installing filp/whoops (1.1.10) Loading from cache - Installing franzl/whoops-middleware (0.2.0) Loading from cache - Installing doctrine/lexer (v1.0.1) Loading from cache - Installing doctrine/annotations (v1.2.7) Loading from cache - Installing doctrine/collections (v1.3.0) Loading from cache - Installing doctrine/cache (v1.6.0) Loading from cache - Installing doctrine/common (v2.6.1) Loading from cache - Installing doctrine/dbal (v2.5.4) Loading from cache - Installing dflydev/fig-cookies (v1.0.1) Loading from cache - Installing flarum/core (v0.1.0-beta.4) Loading from cache - Installing flarum/flags (v0.1.0-beta.4) Loading from cache - Installing flarum/approval (v0.1.0-beta.3) Loading from cache - Installing flarum/akismet (v0.1.0-beta.3) Loading from cache - Installing guzzlehttp/promises (1.0.3) Loading from cache - Installing guzzlehttp/guzzle (6.1.1) Loading from cache - Installing ircmaxell/security-lib (1.0.0) Loading from cache - Installing ircmaxell/random-lib (v1.1.0) Loading from cache - Installing league/oauth2-client (1.2.0) Loading from cache - Installing league/oauth2-facebook (1.1.0) Loading from cache - Installing flarum/auth-facebook (v0.1.0-beta.3) Loading from cache - Installing league/oauth2-github (0.2.0) Loading from cache - Installing flarum/auth-github (v0.1.0-beta.3) Loading from cache - Installing symfony/event-dispatcher (v2.8.2) Loading from cache - Installing guzzle/guzzle (v3.9.3) Loading from cache - Installing league/oauth1-client (1.6.1) Loading from cache - Installing flarum/auth-twitter (v0.1.0-beta.3) Loading from cache - Installing flarum/bbcode (v0.1.0-beta.3) Loading from cache - Installing flarum/emoji (v0.1.0-beta.3) Loading from cache - Installing flarum/likes (v0.1.0-beta.3) Loading from cache - Installing flarum/lock (v0.1.0-beta.3) Loading from cache - Installing flarum/markdown (v0.1.0-beta.3) Loading from cache - Installing flarum/mentions (v0.1.0-beta.3) Loading from cache - Installing pusher/pusher-php-server (v2.2.1) Loading from cache - Installing flarum/pusher (v0.1.0-beta.3) Loading from cache - Installing flarum/sticky (v0.1.0-beta.3) Loading from cache - Installing flarum/suspend (v0.1.0-beta.3) Loading from cache - Installing symfony/process (v3.0.1) Loading from cache - Installing symfony/filesystem (v3.0.1) Loading from cache - Installing franzl/studio (dev-master c9aba9e) Loading from cache - Installing flarum/english (v0.1.0-beta.4) Loading from cache - Installing flarum/subscriptions (v0.1.0-beta.4) Loading from cache - Installing flarum/tags (v0.1.0-beta.4) Loading from cache symfony/translation suggests installing symfony/config () s9e/text-formatter suggests installing ext-intl (Allows international URLs to be accepted by the URL filter) s9e/text-formatter suggests installing ext-xsl (Enables the XSLT renderer) monolog/monolog suggests installing graylog2/gelf-php (Allow sending log messages to a GrayLog2 server) monolog/monolog suggests installing raven/raven (Allow sending log messages to a Sentry server) monolog/monolog suggests installing doctrine/couchdb (Allow sending log messages to a CouchDB server) monolog/monolog suggests installing ruflin/elastica (Allow sending log messages to an Elastic Search server) monolog/monolog suggests installing videlalvaro/php-amqplib (Allow sending log messages to an AMQP server using php-amqplib) monolog/monolog suggests installing ext-amqp (Allow sending log messages to an AMQP server (1.0+ required)) monolog/monolog suggests installing ext-mongo (Allow sending log messages to a MongoDB server) monolog/monolog suggests installing aws/aws-sdk-php (Allow sending log messages to AWS services like DynamoDB) monolog/monolog suggests installing rollbar/rollbar (Allow sending log messages to Rollbar) monolog/monolog suggests installing php-console/php-console (Allow sending log messages to Google Chrome) league/flysystem suggests installing league/flysystem-eventable-filesystem (Allows you to use EventableFilesystem) league/flysystem suggests installing league/flysystem-rackspace (Allows you to use Rackspace Cloud Files) league/flysystem suggests installing league/flysystem-copy (Allows you to use Copy.com storage) league/flysystem suggests installing league/flysystem-azure (Allows you to use Windows Azure Blob storage) league/flysystem suggests installing league/flysystem-webdav (Allows you to use WebDAV storage) league/flysystem suggests installing league/flysystem-aws-s3-v2 (Allows you to use S3 storage with AWS SDK v2) league/flysystem suggests installing league/flysystem-aws-s3-v3 (Allows you to use S3 storage with AWS SDK v3) league/flysystem suggests installing league/flysystem-dropbox (Allows you to use Dropbox storage) league/flysystem suggests installing league/flysystem-cached-adapter (Flysystem adapter decorator for metadata caching) league/flysystem suggests installing league/flysystem-sftp (Allows you to use SFTP server storage via phpseclib) league/flysystem suggests installing league/flysystem-ziparchive (Allows you to use ZipArchive adapter) intervention/image suggests installing ext-gd (to use GD library based image processing.) intervention/image suggests installing ext-imagick (to use Imagick based image processing.) intervention/image suggests installing intervention/imagecache (Caching extension for the Intervention Image library) illuminate/support suggests installing jeremeamia/superclosure (Required to be able to serialize closures (~2.0).) illuminate/support suggests installing paragonie/random_compat (Provides a compatible interface like PHP7's random_bytes() in PHP 5 projects (~1.1).) illuminate/support suggests installing symfony/var-dumper (Improves the dd function (2.7.*).) illuminate/filesystem suggests installing league/flysystem-aws-s3-v3 (Required to use the Flysystem S3 driver (~1.0).) illuminate/filesystem suggests installing league/flysystem-rackspace (Required to use the Flysystem Rackspace driver (~1.0).) illuminate/mail suggests installing aws/aws-sdk-php (Required to use the SES mail driver (~3.0).) illuminate/database suggests installing fzaninotto/faker (Required to use the eloquent factory builder (~1.4).) illuminate/database suggests installing illuminate/console (Required to use the database commands (5.1.*).) illuminate/database suggests installing illuminate/pagination (Required to paginate the result set (5.1.*).) illuminate/cache suggests installing illuminate/redis (Required to use the redis cache driver (5.1.*).) symfony/event-dispatcher suggests installing symfony/dependency-injection () symfony/event-dispatcher suggests installing symfony/http-kernel () Writing lock file Generating autoload files
[02/02/2016-16:08:23] will copy [./800-flarum-install/nginx.conf] to [root@vps242449.ovh.net:/etc/nginx/sites-available/forum-flarum.lespetitsentrepreneurs.com]…
[02/02/2016-16:08:24] ./800-flarum-install/nginx.conf copied to /etc/nginx/sites-available/forum-flarum.lespetitsentrepreneurs.com ->
[02/02/2016-16:08:44] script var.cfg is being sourced ...
[02/02/2016-16:08:44] Lauching script ssh-connect
[02/02/2016-16:08:44] Starting a ssh connexion to vps242449.ovh.net with user root...
[02/02/2016-16:09:20] script var.cfg is being sourced ...
[02/02/2016-16:09:20] Lauching script flarum-install
[02/02/2016-16:09:24] remote exec: [ssh root@vps242449.ovh.net cd /var/www/non-secure/ ; curl -sS https://getcomposer.org/installer | php 2>&1]
[02/02/2016-16:09:26] composer installed -> All settings correct for using Composer Downloading... Composer successfully installed to: /var/www/non-secure/composer.phar Use it: php composer.phar
[02/02/2016-16:09:26] remote exec: [ssh root@vps242449.ovh.net cd /var/www/non-secure/flarum ; ../composer.phar config --global github-oauth.github.com 96d709a7f82aa66d174bab6899621ba33c6d6f41 2>&1]
[02/02/2016-16:09:27] GitHub Token installed ->
[02/02/2016-16:09:27] remote exec: [ssh root@vps242449.ovh.net cd /var/www/non-secure/flarum ; ../composer.phar create-project flarum/flarum . --stability=beta 2>&1]
[02/02/2016-16:09:39] flarum installed -> Installing flarum/flarum (v0.1.0-beta.4) - Installing flarum/flarum (v0.1.0-beta.4) Loading from cache Created project in . Loading composer repositories with package information Installing dependencies (including require-dev) - Installing flarum/composer-installer (v0.3.0) Loading from cache - Installing tijsverkoyen/akismet (1.1.0) Loading from cache - Installing zendframework/zend-escaper (2.5.1) Loading from cache - Installing psr/http-message (1.0) Loading from cache - Installing zendframework/zend-stratigility (1.1.2) Loading from cache - Installing zendframework/zend-diactoros (1.3.3) Loading from cache - Installing tobscure/json-api (v0.2.1) Loading from cache - Installing symfony/yaml (v2.8.2) Loading from cache - Installing symfony/polyfill-mbstring (v1.1.0) Loading from cache - Installing symfony/translation (v2.7.9) Loading from cache - Installing symfony/console (v2.8.2) Loading from cache - Installing s9e/text-formatter (0.4.8) Loading from cache - Installing oyejorge/less.php (v1.7.0.10) Loading from cache - Installing nikic/fast-route (v0.6.0) Loading from cache - Installing psr/log (1.0.0) Loading from cache - Installing monolog/monolog (1.17.2) Loading from cache - Installing matthiasmullie/path-converter (1.0.7) Loading from cache - Installing matthiasmullie/minify (1.3.32) Loading from cache - Installing league/flysystem (1.0.16) Loading from cache - Installing guzzlehttp/psr7 (1.2.2) Loading from cache - Installing intervention/image (2.3.5) Loading from cache - Installing danielstjules/stringy (1.10.0) Loading from cache - Installing doctrine/inflector (v1.1.0) Loading from cache - Installing illuminate/contracts (v5.1.28) Loading from cache - Installing illuminate/support (v5.1.28) Loading from cache - Installing symfony/finder (v2.7.9) Loading from cache - Installing illuminate/filesystem (v5.1.28) Loading from cache - Installing illuminate/container (v5.1.28) Loading from cache - Installing illuminate/events (v5.1.28) Loading from cache - Installing illuminate/view (v5.1.28) Loading from cache - Installing symfony/http-foundation (v2.7.9) Loading from cache - Installing illuminate/validation (v5.1.28) Loading from cache - Installing swiftmailer/swiftmailer (v5.4.1) Loading from cache - Installing illuminate/mail (v5.1.28) Loading from cache - Installing illuminate/hashing (v5.1.28) Loading from cache - Installing nesbot/carbon (1.21.0) Loading from cache - Installing illuminate/database (v5.1.28) Loading from cache - Installing illuminate/config (v5.1.28) Loading from cache - Installing illuminate/cache (v5.1.28) Loading from cache - Installing illuminate/pipeline (v5.1.28) Loading from cache - Installing illuminate/bus (v5.1.28) Loading from cache - Installing filp/whoops (1.1.10) Loading from cache - Installing franzl/whoops-middleware (0.2.0) Loading from cache - Installing doctrine/lexer (v1.0.1) Loading from cache - Installing doctrine/annotations (v1.2.7) Loading from cache - Installing doctrine/collections (v1.3.0) Loading from cache - Installing doctrine/cache (v1.6.0) Loading from cache - Installing doctrine/common (v2.6.1) Loading from cache - Installing doctrine/dbal (v2.5.4) Loading from cache - Installing dflydev/fig-cookies (v1.0.1) Loading from cache - Installing flarum/core (v0.1.0-beta.4) Loading from cache - Installing flarum/flags (v0.1.0-beta.4) Loading from cache - Installing flarum/approval (v0.1.0-beta.3) Loading from cache - Installing flarum/akismet (v0.1.0-beta.3) Loading from cache - Installing guzzlehttp/promises (1.0.3) Loading from cache - Installing guzzlehttp/guzzle (6.1.1) Loading from cache - Installing ircmaxell/security-lib (1.0.0) Loading from cache - Installing ircmaxell/random-lib (v1.1.0) Loading from cache - Installing league/oauth2-client (1.2.0) Loading from cache - Installing league/oauth2-facebook (1.1.0) Loading from cache - Installing flarum/auth-facebook (v0.1.0-beta.3) Loading from cache - Installing league/oauth2-github (0.2.0) Loading from cache - Installing flarum/auth-github (v0.1.0-beta.3) Loading from cache - Installing symfony/event-dispatcher (v2.8.2) Loading from cache - Installing guzzle/guzzle (v3.9.3) Loading from cache - Installing league/oauth1-client (1.6.1) Loading from cache - Installing flarum/auth-twitter (v0.1.0-beta.3) Loading from cache - Installing flarum/bbcode (v0.1.0-beta.3) Loading from cache - Installing flarum/emoji (v0.1.0-beta.3) Loading from cache - Installing flarum/likes (v0.1.0-beta.3) Loading from cache - Installing flarum/lock (v0.1.0-beta.3) Loading from cache - Installing flarum/markdown (v0.1.0-beta.3) Loading from cache - Installing flarum/mentions (v0.1.0-beta.3) Loading from cache - Installing pusher/pusher-php-server (v2.2.1) Loading from cache - Installing flarum/pusher (v0.1.0-beta.3) Loading from cache - Installing flarum/sticky (v0.1.0-beta.3) Loading from cache - Installing flarum/suspend (v0.1.0-beta.3) Loading from cache - Installing symfony/process (v3.0.1) Loading from cache - Installing symfony/filesystem (v3.0.1) Loading from cache - Installing franzl/studio (dev-master c9aba9e) Loading from cache - Installing flarum/english (v0.1.0-beta.4) Loading from cache - Installing flarum/subscriptions (v0.1.0-beta.4) Loading from cache - Installing flarum/tags (v0.1.0-beta.4) Loading from cache symfony/translation suggests installing symfony/config () s9e/text-formatter suggests installing ext-intl (Allows international URLs to be accepted by the URL filter) s9e/text-formatter suggests installing ext-xsl (Enables the XSLT renderer) monolog/monolog suggests installing graylog2/gelf-php (Allow sending log messages to a GrayLog2 server) monolog/monolog suggests installing raven/raven (Allow sending log messages to a Sentry server) monolog/monolog suggests installing doctrine/couchdb (Allow sending log messages to a CouchDB server) monolog/monolog suggests installing ruflin/elastica (Allow sending log messages to an Elastic Search server) monolog/monolog suggests installing videlalvaro/php-amqplib (Allow sending log messages to an AMQP server using php-amqplib) monolog/monolog suggests installing ext-amqp (Allow sending log messages to an AMQP server (1.0+ required)) monolog/monolog suggests installing ext-mongo (Allow sending log messages to a MongoDB server) monolog/monolog suggests installing aws/aws-sdk-php (Allow sending log messages to AWS services like DynamoDB) monolog/monolog suggests installing rollbar/rollbar (Allow sending log messages to Rollbar) monolog/monolog suggests installing php-console/php-console (Allow sending log messages to Google Chrome) league/flysystem suggests installing league/flysystem-eventable-filesystem (Allows you to use EventableFilesystem) league/flysystem suggests installing league/flysystem-rackspace (Allows you to use Rackspace Cloud Files) league/flysystem suggests installing league/flysystem-copy (Allows you to use Copy.com storage) league/flysystem suggests installing league/flysystem-azure (Allows you to use Windows Azure Blob storage) league/flysystem suggests installing league/flysystem-webdav (Allows you to use WebDAV storage) league/flysystem suggests installing league/flysystem-aws-s3-v2 (Allows you to use S3 storage with AWS SDK v2) league/flysystem suggests installing league/flysystem-aws-s3-v3 (Allows you to use S3 storage with AWS SDK v3) league/flysystem suggests installing league/flysystem-dropbox (Allows you to use Dropbox storage) league/flysystem suggests installing league/flysystem-cached-adapter (Flysystem adapter decorator for metadata caching) league/flysystem suggests installing league/flysystem-sftp (Allows you to use SFTP server storage via phpseclib) league/flysystem suggests installing league/flysystem-ziparchive (Allows you to use ZipArchive adapter) intervention/image suggests installing ext-gd (to use GD library based image processing.) intervention/image suggests installing ext-imagick (to use Imagick based image processing.) intervention/image suggests installing intervention/imagecache (Caching extension for the Intervention Image library) illuminate/support suggests installing jeremeamia/superclosure (Required to be able to serialize closures (~2.0).) illuminate/support suggests installing paragonie/random_compat (Provides a compatible interface like PHP7's random_bytes() in PHP 5 projects (~1.1).) illuminate/support suggests installing symfony/var-dumper (Improves the dd function (2.7.*).) illuminate/filesystem suggests installing league/flysystem-aws-s3-v3 (Required to use the Flysystem S3 driver (~1.0).) illuminate/filesystem suggests installing league/flysystem-rackspace (Required to use the Flysystem Rackspace driver (~1.0).) illuminate/mail suggests installing aws/aws-sdk-php (Required to use the SES mail driver (~3.0).) illuminate/database suggests installing fzaninotto/faker (Required to use the eloquent factory builder (~1.4).) illuminate/database suggests installing illuminate/console (Required to use the database commands (5.1.*).) illuminate/database suggests installing illuminate/pagination (Required to paginate the result set (5.1.*).) illuminate/cache suggests installing illuminate/redis (Required to use the redis cache driver (5.1.*).) symfony/event-dispatcher suggests installing symfony/dependency-injection () symfony/event-dispatcher suggests installing symfony/http-kernel () Writing lock file Generating autoload files
[02/02/2016-16:09:39] will copy [./800-flarum-install/nginx.conf] to [root@vps242449.ovh.net:/etc/nginx/sites-available/forum-flarum.lespetitsentrepreneurs.com]…
[02/02/2016-16:09:40] ./800-flarum-install/nginx.conf copied to /etc/nginx/sites-available/forum-flarum.lespetitsentrepreneurs.com ->
[02/02/2016-16:10:13] script var.cfg is being sourced ...
[02/02/2016-16:10:13] Lauching script ssh-connect
[02/02/2016-16:10:13] Starting a ssh connexion to vps242449.ovh.net with user root...
[02/02/2016-16:25:18] script var.cfg is being sourced ...
[02/02/2016-16:25:18] Lauching script hostinfo-get
[02/02/2016-16:25:18] remote exec: [ssh root@vps242449.ovh.net apt-get install lsb-release 2>&1]
[02/02/2016-16:25:20] lsb-release installed -> Reading package lists... Building dependency tree... Reading state information... lsb-release is already the newest version. 0 upgraded, 0 newly installed, 0 to remove and 6 not upgraded.
[02/02/2016-16:25:20] SYSTEM: Distributor ID: Ubuntu Description: Ubuntu 14.04.3 LTS Release: 14.04 Codename: trusty
[02/02/2016-16:26:19] script var.cfg is being sourced ...
[02/02/2016-16:26:19] Lauching script hostinfo-get
[02/02/2016-16:26:19] remote exec: [ssh root@vps242449.ovh.net apt-get install lsb-release 2>&1]
[02/02/2016-16:26:20] lsb-release installed -> Reading package lists... Building dependency tree... Reading state information... lsb-release is already the newest version. 0 upgraded, 0 newly installed, 0 to remove and 6 not upgraded.
[02/02/2016-16:26:21] SYSTEM:\nDistributor ID: Ubuntu Description: Ubuntu 14.04.3 LTS Release: 14.04 Codename: trusty
[02/02/2016-16:27:13] script var.cfg is being sourced ...
[02/02/2016-16:27:13] Lauching script ssh-connect
[02/02/2016-16:27:13] Starting a ssh connexion to vps242449.ovh.net with user root...
